  PlayerPaddle.cpp
d:\workspace\pong\pong\playerpaddle.cpp(92): warning C4244: 'initializing': conversion from 'int' to 'float', possible loss of data
d:\workspace\pong\pong\playerpaddle.cpp(121): warning C4244: 'argument': conversion from 'int' to 'const float', possible loss of data
  MainMenu.cpp
d:\workspace\pong\pong\mainmenu.cpp(149): warning C4244: 'argument': conversion from 'int' to 'float', possible loss of data
  GameOver.cpp
d:\workspace\pong\pong\gameover.cpp(59): warning C4244: 'argument': conversion from 'int' to 'float', possible loss of data
d:\workspace\pong\pong\gameover.cpp(60): warning C4244: 'argument': conversion from 'int' to 'float', possible loss of data
  Game.cpp
d:\workspace\pong\pong\game.cpp(32): warning C4244: 'argument': conversion from 'int' to 'const float', possible loss of data
d:\workspace\pong\pong\game.cpp(33): warning C4244: 'argument': conversion from 'int' to 'const float', possible loss of data
d:\workspace\pong\pong\game.cpp(91): warning C4244: 'argument': conversion from 'int' to 'const float', possible loss of data
d:\workspace\pong\pong\game.cpp(93): warning C4244: 'argument': conversion from 'int' to 'float', possible loss of data
d:\workspace\pong\pong\game.cpp(96): warning C4244: 'argument': conversion from 'int' to 'float', possible loss of data
  Ball.cpp
d:\workspace\pong\pong\ball.cpp(12): warning C4244: '=': conversion from 'int' to 'float', possible loss of data
d:\workspace\pong\pong\ball.cpp(13): warning C4244: '=': conversion from 'int' to 'float', possible loss of data
d:\workspace\pong\pong\ball.cpp(16): warning C4244: '=': conversion from 'int' to 'float', possible loss of data
d:\workspace\pong\pong\ball.cpp(17): warning C4244: '=': conversion from 'int' to 'float', possible loss of data
d:\workspace\pong\pong\ball.cpp(18): warning C4244: '=': conversion from 'int' to 'float', possible loss of data
d:\workspace\pong\pong\ball.cpp(19): warning C4244: '=': conversion from 'int' to 'float', possible loss of data
d:\workspace\pong\pong\ball.cpp(32): warning C4244: 'argument': conversion from 'double' to 'float', possible loss of data
d:\workspace\pong\pong\ball.cpp(54): warning C4244: '+=': conversion from 'double' to 'float', possible loss of data
d:\workspace\pong\pong\ball.cpp(56): warning C4244: '+=': conversion from 'double' to 'float', possible loss of data
d:\workspace\pong\pong\ball.cpp(60): warning C4244: '+=': conversion from 'double' to 'float', possible loss of data
d:\workspace\pong\pong\ball.cpp(94): warning C4244: '+=': conversion from 'double' to 'float', possible loss of data
d:\workspace\pong\pong\ball.cpp(96): warning C4244: '+=': conversion from 'double' to 'float', possible loss of data
d:\workspace\pong\pong\ball.cpp(100): warning C4244: '+=': conversion from 'double' to 'float', possible loss of data
  Generating Code...
  Pong.vcxproj -> D:\workspace\Pong\Pong\Debug\Pong.exe
  Pong.vcxproj -> D:\workspace\Pong\Pong\Debug\Pong.pdb (Full PDB)
