d:\workspace\pong\pong\release\pong.pch
d:\workspace\pong\pong\release\vc140.pdb
d:\workspace\pong\pong\release\stdafx.obj
d:\workspace\pong\pong\release\visiblegameobject.obj
d:\workspace\pong\pong\release\textmanager.obj
d:\workspace\pong\pong\release\resources.obj
d:\workspace\pong\pong\release\pong.obj
d:\workspace\pong\pong\release\playerpaddle.obj
d:\workspace\pong\pong\release\mainmenu.obj
d:\workspace\pong\pong\release\layer.obj
d:\workspace\pong\pong\release\gameover.obj
d:\workspace\pong\pong\release\gameobjectmanager.obj
d:\workspace\pong\pong\release\game.obj
d:\workspace\pong\pong\release\ball.obj
d:\workspace\pong\pong\release\pong.exe
d:\workspace\pong\pong\release\pong.pdb
d:\workspace\pong\pong\release\pong.ipdb
d:\workspace\pong\pong\release\pong.iobj
d:\workspace\pong\pong\release\pong.tlog\cl.command.1.tlog
d:\workspace\pong\pong\release\pong.tlog\cl.read.1.tlog
d:\workspace\pong\pong\release\pong.tlog\cl.write.1.tlog
d:\workspace\pong\pong\release\pong.tlog\link.command.1.tlog
d:\workspace\pong\pong\release\pong.tlog\link.read.1.tlog
d:\workspace\pong\pong\release\pong.tlog\link.write.1.tlog
