  Ball.cpp
d:\workspace\pong\pong\Ball.h(1): warning C4068: unknown pragma
Ball.cpp(12): warning C4244: 'argument': conversion from 'int' to 'const float', possible loss of data
Ball.cpp(19): warning C4244: '=': conversion from 'int' to 'float', possible loss of data
Ball.cpp(20): warning C4244: '=': conversion from 'int' to 'float', possible loss of data
Ball.cpp(23): warning C4244: '=': conversion from 'int' to 'float', possible loss of data
Ball.cpp(24): warning C4244: '=': conversion from 'int' to 'float', possible loss of data
Ball.cpp(25): warning C4244: '=': conversion from 'int' to 'float', possible loss of data
Ball.cpp(26): warning C4244: '=': conversion from 'int' to 'float', possible loss of data
Ball.cpp(39): warning C4244: 'argument': conversion from 'double' to 'float', possible loss of data
Ball.cpp(62): warning C4244: '+=': conversion from 'double' to 'float', possible loss of data
Ball.cpp(64): warning C4244: '+=': conversion from 'double' to 'float', possible loss of data
Ball.cpp(97): warning C4244: '+=': conversion from 'double' to 'float', possible loss of data
Ball.cpp(99): warning C4244: '+=': conversion from 'double' to 'float', possible loss of data
  Generating code
  159 of 947 functions (16.8%) were compiled, the rest were copied from previous compilation.
    16 functions were new in current compilation
    10 functions had inline decision re-evaluated but remain unchanged
  Finished generating code
  Pong.vcxproj -> D:\workspace\Pong\Pong\Release\Pong.exe
  Pong.vcxproj -> D:\workspace\Pong\Pong\Release\Pong.pdb (Full PDB)
